<?xml version="1.0" encoding="UTF-8"?>
<!-- Generated by org.testng.reporters.JUnitReportReporter -->
<testsuite hostname="vitaliyPC" failures="0" tests="2" name="my.company.SimpleTest" time="2.924" errors="0" timestamp="2022-02-10T21:01:06 EET" skipped="0">
  <testcase classname="my.company.SimpleTest" name="simpleTestOne" time="2.921"/>
  <system-out/>
  <testcase classname="my.company.SimpleTest" name="simpleTestTwo" time="0.003"/>
  <system-out/>
</testsuite> <!-- my.company.SimpleTest -->
